Using pre-set license
Built from '2020.2/staging' branch; Version is '2020.2.6f1 (8a2143876886) revision 9052483'; Using compiler version '192528614'; Build Type 'Release'
OS: 'Windows 10 Home; OS build 19042.1052; Version 2009; 64bit' Language: 'ru' Physical Memory: 16319 MB
BatchMode: 1, IsHumanControllingUs: 0, StartBugReporterOnCrash: 0, Is64bit: 1, IsPro: 0

 COMMAND LINE ARGUMENTS:
C:\Program Files\Unity\Hub\Editor\2020.2.6f1\Editor\Unity.exe
-adb2
-batchMode
-noUpm
-name
AssetImportWorker0
-projectPath
D:/MeshGenerationExample
-logFile
Logs/AssetImportWorker0.log
-srvPort
49224
Successfully changed project path to: D:/MeshGenerationExample
D:/MeshGenerationExample
Using Asset Import Pipeline V2.
Refreshing native plugins compatible for Editor in 19.33 ms, found 0 plugins.
Preloading 0 native plugins for Editor in 0.00 ms.
Initialize engine version: 2020.2.6f1 (8a2143876886)
[Subsystems] Discovering subsystems at path C:/Program Files/Unity/Hub/Editor/2020.2.6f1/Editor/Data/Resources/UnitySubsystems
[Subsystems] Discovering subsystems at path D:/MeshGenerationExample/Assets
GfxDevice: creating device client; threaded=0
Direct3D:
    Version:  Direct3D 11.0 [level 11.1]
    Renderer: NVIDIA GeForce GT 1030 (ID=0x1d01)
    Vendor:   
    VRAM:     1982 MB
    Driver:   27.21.14.5671
Initialize mono
Mono path[0] = 'C:/Program Files/Unity/Hub/Editor/2020.2.6f1/Editor/Data/Managed'
Mono path[1] = 'C:/Program Files/Unity/Hub/Editor/2020.2.6f1/Editor/Data/MonoBleedingEdge/lib/mono/unityjit'
Mono config path = 'C:/Program Files/Unity/Hub/Editor/2020.2.6f1/Editor/Data/MonoBleedingEdge/etc'
Using monoOptions --debugger-agent=transport=dt_socket,embedding=1,server=y,suspend=n,address=127.0.0.1:56428
Begin MonoManager ReloadAssembly
Registering precompiled unity dll's ...
Register platform support module: C:/Program Files/Unity/Hub/Editor/2020.2.6f1/Editor/Data/PlaybackEngines/WindowsStandaloneSupport/UnityEditor.WindowsStandalone.Extensions.dll
Registered in 0.001796 seconds.
Native extension for WindowsStandalone target not found
Refreshing native plugins compatible for Editor in 19.27 ms, found 0 plugins.
Preloading 0 native plugins for Editor in 0.00 ms.
Invoked RoslynAnalysisRunner static constructor.
RoslynAnalysisRunner will not be running.
RoslynAnalysisRunner has terminated.
Mono: successfully reloaded assembly
- Completed reload, in  1.702 seconds
Platform modules already initialized, skipping
Registering precompiled user dll's ...
Registered in 0.000423 seconds.
Begin MonoManager ReloadAssembly
Native extension for WindowsStandalone target not found
Refreshing native plugins compatible for Editor in 0.18 ms, found 0 plugins.
Preloading 0 native plugins for Editor in 0.00 ms.
Invoked RoslynAnalysisRunner static constructor.
RoslynAnalysisRunner will not be running.
RoslynAnalysisRunner has terminated.
Mono: successfully reloaded assembly
- Completed reload, in  0.687 seconds
Platform modules already initialized, skipping
========================================================================
Worker process is ready to serve import requests
Launched and connected shader compiler UnityShaderCompiler.exe after 0.04 seconds
Refreshing native plugins compatible for Editor in 0.18 ms, found 0 plugins.
Preloading 0 native plugins for Editor in 0.00 ms.
Unloading 1103 Unused Serialized files (Serialized files now loaded: 0)
System memory in use before: 56.6 MB.
System memory in use after: 56.7 MB.

Unloading 10 unused Assets to reduce memory usage. Loaded Objects now: 1544.
Total: 1.493200 ms (FindLiveObjects: 0.147600 ms CreateObjectMapping: 0.038200 ms MarkObjects: 1.243700 ms  DeleteObjects: 0.062800 ms)

========================================================================
Received Import Request.
  path: Assets/Squares.png
  artifactKey: Guid(cfbea10d7741c3244917dafc9f3e4f44) Importer(815301076,1909f56bfc062723c751e8b465ee728b)
Start importing Assets/Squares.png using Guid(cfbea10d7741c3244917dafc9f3e4f44) Importer(815301076,1909f56bfc062723c751e8b465ee728b)  -> (artifact id: '2cdeb3722ad139e3c1049065035f0478') in 0.082907 seconds
  Import took 0.084584 seconds .

========================================================================
Received Import Request.
  Time since last request: 117.321405 seconds.
  path: Assets
  artifactKey: Guid(00000000000000001000000000000000) Importer(815301076,1909f56bfc062723c751e8b465ee728b)
Start importing Assets using Guid(00000000000000001000000000000000) Importer(815301076,1909f56bfc062723c751e8b465ee728b)  -> (artifact id: 'f47cf443bddc682ac2de11ea429897ce') in 0.006163 seconds
  Import took 0.010274 seconds .

========================================================================
Received Import Request.
  Time since last request: 5.846482 seconds.
  path: Assets/New Material.mat
  artifactKey: Guid(03b9bec4f988bc84b83aaf155f4babc4) Importer(815301076,1909f56bfc062723c751e8b465ee728b)
Start importing Assets/New Material.mat using Guid(03b9bec4f988bc84b83aaf155f4babc4) Importer(815301076,1909f56bfc062723c751e8b465ee728b)  -> (artifact id: '3dee8d38b511d077d4ca73e1ddeb08a1') in 0.057938 seconds
  Import took 0.060407 seconds .

========================================================================
Received Import Request.
  Time since last request: 51.889341 seconds.
  path: Assets/New Material.mat
  artifactKey: Guid(03b9bec4f988bc84b83aaf155f4babc4) Importer(815301076,1909f56bfc062723c751e8b465ee728b)
Start importing Assets/New Material.mat using Guid(03b9bec4f988bc84b83aaf155f4babc4) Importer(815301076,1909f56bfc062723c751e8b465ee728b)  -> (artifact id: '06554e61099f5a740b6556242df23e2b') in 0.010821 seconds
  Import took 0.013053 seconds .

========================================================================
Received Import Request.
  Time since last request: 40.429163 seconds.
  path: Assets/Squares.png
  artifactKey: Guid(cfbea10d7741c3244917dafc9f3e4f44) Importer(815301076,1909f56bfc062723c751e8b465ee728b)
Start importing Assets/Squares.png using Guid(cfbea10d7741c3244917dafc9f3e4f44) Importer(815301076,1909f56bfc062723c751e8b465ee728b)  -> (artifact id: 'ec289c16f1d621b19897de5c9b7fe6b3') in 0.006189 seconds
  Import took 0.008533 seconds .

========================================================================
Received Import Request.
  Time since last request: 0.010997 seconds.
  path: Assets/Squares.png
  artifactKey: Guid(cfbea10d7741c3244917dafc9f3e4f44) Importer(815301076,1909f56bfc062723c751e8b465ee728b)
Start importing Assets/Squares.png using Guid(cfbea10d7741c3244917dafc9f3e4f44) Importer(815301076,1909f56bfc062723c751e8b465ee728b)  -> (artifact id: 'ec289c16f1d621b19897de5c9b7fe6b3') in 0.012965 seconds
  Import took 0.015144 seconds .

========================================================================
Received Import Request.
  Time since last request: 2.707693 seconds.
  path: Assets/Squares.png
  artifactKey: Guid(cfbea10d7741c3244917dafc9f3e4f44) Importer(815301076,1909f56bfc062723c751e8b465ee728b)
Start importing Assets/Squares.png using Guid(cfbea10d7741c3244917dafc9f3e4f44) Importer(815301076,1909f56bfc062723c751e8b465ee728b)  -> (artifact id: '08fd4a8c0bcb710bb7e158b9d02f2ede') in 0.005898 seconds
  Import took 0.008028 seconds .

========================================================================
Received Import Request.
  Time since last request: 0.009350 seconds.
  path: Assets/Squares.png
  artifactKey: Guid(cfbea10d7741c3244917dafc9f3e4f44) Importer(815301076,1909f56bfc062723c751e8b465ee728b)
Start importing Assets/Squares.png using Guid(cfbea10d7741c3244917dafc9f3e4f44) Importer(815301076,1909f56bfc062723c751e8b465ee728b)  -> (artifact id: '08fd4a8c0bcb710bb7e158b9d02f2ede') in 0.018966 seconds
  Import took 0.020830 seconds .

========================================================================
Received Import Request.
  Time since last request: 3.739848 seconds.
  path: Assets/Squares.png
  artifactKey: Guid(cfbea10d7741c3244917dafc9f3e4f44) Importer(815301076,1909f56bfc062723c751e8b465ee728b)
Start importing Assets/Squares.png using Guid(cfbea10d7741c3244917dafc9f3e4f44) Importer(815301076,1909f56bfc062723c751e8b465ee728b)  -> (artifact id: '93e83f90916323565d544d12ca0d9b5c') in 0.008647 seconds
  Import took 0.010947 seconds .

========================================================================
Received Import Request.
  Time since last request: 0.005557 seconds.
  path: Assets/Squares.png
  artifactKey: Guid(cfbea10d7741c3244917dafc9f3e4f44) Importer(815301076,1909f56bfc062723c751e8b465ee728b)
Start importing Assets/Squares.png using Guid(cfbea10d7741c3244917dafc9f3e4f44) Importer(815301076,1909f56bfc062723c751e8b465ee728b)  -> (artifact id: '93e83f90916323565d544d12ca0d9b5c') in 0.018863 seconds
  Import took 0.020629 seconds .

========================================================================
Received Import Request.
  Time since last request: 2.735701 seconds.
  path: Assets/Squares.png
  artifactKey: Guid(cfbea10d7741c3244917dafc9f3e4f44) Importer(815301076,1909f56bfc062723c751e8b465ee728b)
Start importing Assets/Squares.png using Guid(cfbea10d7741c3244917dafc9f3e4f44) Importer(815301076,1909f56bfc062723c751e8b465ee728b)  -> (artifact id: 'f6af2405e1089bb138f3c766df7b5101') in 0.005492 seconds
  Import took 0.007567 seconds .

========================================================================
Received Import Request.
  Time since last request: 0.008845 seconds.
  path: Assets/Squares.png
  artifactKey: Guid(cfbea10d7741c3244917dafc9f3e4f44) Importer(815301076,1909f56bfc062723c751e8b465ee728b)
Start importing Assets/Squares.png using Guid(cfbea10d7741c3244917dafc9f3e4f44) Importer(815301076,1909f56bfc062723c751e8b465ee728b)  -> (artifact id: 'f6af2405e1089bb138f3c766df7b5101') in 0.015445 seconds
  Import took 0.017589 seconds .

========================================================================
Received Import Request.
  Time since last request: 38.390472 seconds.
  path: Assets/Scripts
  artifactKey: Guid(e3014f2b6fc9100449e69c3ef5237bca) Importer(815301076,1909f56bfc062723c751e8b465ee728b)
Start importing Assets/Scripts using Guid(e3014f2b6fc9100449e69c3ef5237bca) Importer(815301076,1909f56bfc062723c751e8b465ee728b)  -> (artifact id: '800de35b023034ea758113aad024dfbf') in 0.005816 seconds
  Import took 0.007835 seconds .

========================================================================
Received Import Request.
  Time since last request: 8.347444 seconds.
  path: Assets/Scripts/Gridgeneration.cs
  artifactKey: Guid(a1980b653a3e0784784d9199b47f92fa) Importer(815301076,1909f56bfc062723c751e8b465ee728b)
Start importing Assets/Scripts/Gridgeneration.cs using Guid(a1980b653a3e0784784d9199b47f92fa) Importer(815301076,1909f56bfc062723c751e8b465ee728b)  -> (artifact id: '1aae1ad12827579b49df8313d4f1d6bb') in 0.009428 seconds
  Import took 0.011314 seconds .

========================================================================
Received Prepare
Registering precompiled user dll's ...
Registered in 0.000407 seconds.
Begin MonoManager ReloadAssembly
Native extension for WindowsStandalone target not found
Refreshing native plugins compatible for Editor in 0.18 ms, found 0 plugins.
Preloading 0 native plugins for Editor in 0.00 ms.
Invoked RoslynAnalysisRunner static constructor.
RoslynAnalysisRunner will not be running.
RoslynAnalysisRunner has terminated.
Mono: successfully reloaded assembly
- Completed reload, in  0.630 seconds
Platform modules already initialized, skipping
Refreshing native plugins compatible for Editor in 0.18 ms, found 0 plugins.
Preloading 0 native plugins for Editor in 0.00 ms.
Unloading 1099 Unused Serialized files (Serialized files now loaded: 0)
System memory in use before: 60.0 MB.
System memory in use after: 60.1 MB.

Unloading 5 unused Assets to reduce memory usage. Loaded Objects now: 1589.
Total: 4.767600 ms (FindLiveObjects: 0.338200 ms CreateObjectMapping: 0.116900 ms MarkObjects: 4.184300 ms  DeleteObjects: 0.124800 ms)

========================================================================
Received Prepare
Registering precompiled user dll's ...
Registered in 0.000391 seconds.
Begin MonoManager ReloadAssembly
Native extension for WindowsStandalone target not found
Refreshing native plugins compatible for Editor in 0.18 ms, found 0 plugins.
Preloading 0 native plugins for Editor in 0.00 ms.
Invoked RoslynAnalysisRunner static constructor.
RoslynAnalysisRunner will not be running.
RoslynAnalysisRunner has terminated.
Mono: successfully reloaded assembly
- Completed reload, in  0.648 seconds
Platform modules already initialized, skipping
Refreshing native plugins compatible for Editor in 0.18 ms, found 0 plugins.
Preloading 0 native plugins for Editor in 0.00 ms.
Unloading 1098 Unused Serialized files (Serialized files now loaded: 0)
System memory in use before: 60.0 MB.
System memory in use after: 60.1 MB.

Unloading 6 unused Assets to reduce memory usage. Loaded Objects now: 1590.
Total: 1.423100 ms (FindLiveObjects: 0.160600 ms CreateObjectMapping: 0.041700 ms MarkObjects: 1.177100 ms  DeleteObjects: 0.042600 ms)

========================================================================
Received Import Request.
  Time since last request: 11.926390 seconds.
  path: Assets/Scripts/GridGeneration.cs
  artifactKey: Guid(a1980b653a3e0784784d9199b47f92fa) Importer(815301076,1909f56bfc062723c751e8b465ee728b)
Start importing Assets/Scripts/GridGeneration.cs using Guid(a1980b653a3e0784784d9199b47f92fa) Importer(815301076,1909f56bfc062723c751e8b465ee728b)  -> (artifact id: '857ae173564de4dd465faf557d9c4cb4') in 0.008003 seconds
  Import took 0.010210 seconds .

========================================================================
Received Prepare
Registering precompiled user dll's ...
Registered in 0.000425 seconds.
Begin MonoManager ReloadAssembly
Native extension for WindowsStandalone target not found
Refreshing native plugins compatible for Editor in 0.18 ms, found 0 plugins.
Preloading 0 native plugins for Editor in 0.00 ms.
Invoked RoslynAnalysisRunner static constructor.
RoslynAnalysisRunner will not be running.
RoslynAnalysisRunner has terminated.
Mono: successfully reloaded assembly
- Completed reload, in  0.633 seconds
Platform modules already initialized, skipping
Refreshing native plugins compatible for Editor in 0.19 ms, found 0 plugins.
Preloading 0 native plugins for Editor in 0.00 ms.
Unloading 1099 Unused Serialized files (Serialized files now loaded: 0)
System memory in use before: 60.0 MB.
System memory in use after: 60.1 MB.

Unloading 5 unused Assets to reduce memory usage. Loaded Objects now: 1593.
Total: 1.437300 ms (FindLiveObjects: 0.142300 ms CreateObjectMapping: 0.031500 ms MarkObjects: 1.223700 ms  DeleteObjects: 0.039200 ms)

========================================================================
Received Prepare
Registering precompiled user dll's ...
Registered in 0.000443 seconds.
Begin MonoManager ReloadAssembly
Native extension for WindowsStandalone target not found
Refreshing native plugins compatible for Editor in 0.18 ms, found 0 plugins.
Preloading 0 native plugins for Editor in 0.00 ms.
Invoked RoslynAnalysisRunner static constructor.
RoslynAnalysisRunner will not be running.
RoslynAnalysisRunner has terminated.
Mono: successfully reloaded assembly
- Completed reload, in  0.640 seconds
Platform modules already initialized, skipping
Refreshing native plugins compatible for Editor in 0.18 ms, found 0 plugins.
Preloading 0 native plugins for Editor in 0.00 ms.
Unloading 1099 Unused Serialized files (Serialized files now loaded: 0)
System memory in use before: 60.0 MB.
System memory in use after: 60.1 MB.

Unloading 5 unused Assets to reduce memory usage. Loaded Objects now: 1595.
Total: 4.987000 ms (FindLiveObjects: 0.383700 ms CreateObjectMapping: 0.127100 ms MarkObjects: 4.325000 ms  DeleteObjects: 0.146600 ms)

========================================================================
Received Import Request.
  Time since last request: 711.921375 seconds.
  path: Assets/Scripts/GridGeneration.cs
  artifactKey: Guid(a1980b653a3e0784784d9199b47f92fa) Importer(815301076,1909f56bfc062723c751e8b465ee728b)
Start importing Assets/Scripts/GridGeneration.cs using Guid(a1980b653a3e0784784d9199b47f92fa) Importer(815301076,1909f56bfc062723c751e8b465ee728b)  -> (artifact id: '0b35d13c04916cd478efc556981e8802') in 0.003735 seconds
  Import took 0.005857 seconds .

========================================================================
Received Prepare
Registering precompiled user dll's ...
Registered in 0.000532 seconds.
Begin MonoManager ReloadAssembly
Native extension for WindowsStandalone target not found
Refreshing native plugins compatible for Editor in 0.20 ms, found 0 plugins.
Preloading 0 native plugins for Editor in 0.00 ms.
Invoked RoslynAnalysisRunner static constructor.
RoslynAnalysisRunner will not be running.
RoslynAnalysisRunner has terminated.
Mono: successfully reloaded assembly
- Completed reload, in  0.736 seconds
Platform modules already initialized, skipping
Refreshing native plugins compatible for Editor in 0.22 ms, found 0 plugins.
Preloading 0 native plugins for Editor in 0.00 ms.
Unloading 1099 Unused Serialized files (Serialized files now loaded: 0)
System memory in use before: 60.0 MB.
System memory in use after: 60.1 MB.

Unloading 5 unused Assets to reduce memory usage. Loaded Objects now: 1597.
Total: 1.602800 ms (FindLiveObjects: 0.132300 ms CreateObjectMapping: 0.033500 ms MarkObjects: 1.381400 ms  DeleteObjects: 0.053700 ms)

========================================================================
Received Prepare
Registering precompiled user dll's ...
Registered in 0.000613 seconds.
Begin MonoManager ReloadAssembly
Native extension for WindowsStandalone target not found
Refreshing native plugins compatible for Editor in 0.18 ms, found 0 plugins.
Preloading 0 native plugins for Editor in 0.00 ms.
Invoked RoslynAnalysisRunner static constructor.
RoslynAnalysisRunner will not be running.
RoslynAnalysisRunner has terminated.
Mono: successfully reloaded assembly
- Completed reload, in  0.633 seconds
Platform modules already initialized, skipping
Refreshing native plugins compatible for Editor in 0.18 ms, found 0 plugins.
Preloading 0 native plugins for Editor in 0.00 ms.
Unloading 1099 Unused Serialized files (Serialized files now loaded: 0)
System memory in use before: 60.0 MB.
System memory in use after: 60.1 MB.

Unloading 5 unused Assets to reduce memory usage. Loaded Objects now: 1599.
Total: 1.430800 ms (FindLiveObjects: 0.126500 ms CreateObjectMapping: 0.033700 ms MarkObjects: 1.230800 ms  DeleteObjects: 0.039200 ms)

========================================================================
Received Prepare
Registering precompiled user dll's ...
Registered in 0.000440 seconds.
Begin MonoManager ReloadAssembly
Native extension for WindowsStandalone target not found
Refreshing native plugins compatible for Editor in 0.34 ms, found 0 plugins.
Preloading 0 native plugins for Editor in 0.00 ms.
Invoked RoslynAnalysisRunner static constructor.
RoslynAnalysisRunner will not be running.
RoslynAnalysisRunner has terminated.
Mono: successfully reloaded assembly
- Completed reload, in  0.672 seconds
Platform modules already initialized, skipping
Refreshing native plugins compatible for Editor in 0.25 ms, found 0 plugins.
Preloading 0 native plugins for Editor in 0.00 ms.
Unloading 1099 Unused Serialized files (Serialized files now loaded: 0)
System memory in use before: 60.0 MB.
System memory in use after: 60.1 MB.

Unloading 5 unused Assets to reduce memory usage. Loaded Objects now: 1601.
Total: 1.543100 ms (FindLiveObjects: 0.152400 ms CreateObjectMapping: 0.038200 ms MarkObjects: 1.301500 ms  DeleteObjects: 0.049300 ms)

========================================================================
Received Prepare
Registering precompiled user dll's ...
Registered in 0.000512 seconds.
Begin MonoManager ReloadAssembly
Native extension for WindowsStandalone target not found
Refreshing native plugins compatible for Editor in 0.21 ms, found 0 plugins.
Preloading 0 native plugins for Editor in 0.00 ms.
Invoked RoslynAnalysisRunner static constructor.
RoslynAnalysisRunner will not be running.
RoslynAnalysisRunner has terminated.
Mono: successfully reloaded assembly
- Completed reload, in  0.717 seconds
Platform modules already initialized, skipping
Refreshing native plugins compatible for Editor in 0.27 ms, found 0 plugins.
Preloading 0 native plugins for Editor in 0.00 ms.
Unloading 1099 Unused Serialized files (Serialized files now loaded: 0)
System memory in use before: 60.0 MB.
System memory in use after: 60.1 MB.

Unloading 5 unused Assets to reduce memory usage. Loaded Objects now: 1603.
Total: 1.448000 ms (FindLiveObjects: 0.133400 ms CreateObjectMapping: 0.034800 ms MarkObjects: 1.235500 ms  DeleteObjects: 0.043400 ms)

========================================================================
Received Prepare
Registering precompiled user dll's ...
Registered in 0.000425 seconds.
Begin MonoManager ReloadAssembly
Native extension for WindowsStandalone target not found
Refreshing native plugins compatible for Editor in 0.19 ms, found 0 plugins.
Preloading 0 native plugins for Editor in 0.00 ms.
Invoked RoslynAnalysisRunner static constructor.
RoslynAnalysisRunner will not be running.
RoslynAnalysisRunner has terminated.
Mono: successfully reloaded assembly
- Completed reload, in  0.634 seconds
Platform modules already initialized, skipping
Refreshing native plugins compatible for Editor in 0.18 ms, found 0 plugins.
Preloading 0 native plugins for Editor in 0.00 ms.
Unloading 1099 Unused Serialized files (Serialized files now loaded: 0)
System memory in use before: 60.1 MB.
System memory in use after: 60.1 MB.

Unloading 5 unused Assets to reduce memory usage. Loaded Objects now: 1605.
Total: 1.398300 ms (FindLiveObjects: 0.123800 ms CreateObjectMapping: 0.032900 ms MarkObjects: 1.199000 ms  DeleteObjects: 0.041800 ms)

========================================================================
Received Prepare
Registering precompiled user dll's ...
Registered in 0.000504 seconds.
Begin MonoManager ReloadAssembly
Native extension for WindowsStandalone target not found
Refreshing native plugins compatible for Editor in 0.20 ms, found 0 plugins.
Preloading 0 native plugins for Editor in 0.00 ms.
Invoked RoslynAnalysisRunner static constructor.
RoslynAnalysisRunner will not be running.
RoslynAnalysisRunner has terminated.
Mono: successfully reloaded assembly
- Completed reload, in  0.631 seconds
Platform modules already initialized, skipping
Refreshing native plugins compatible for Editor in 0.19 ms, found 0 plugins.
Preloading 0 native plugins for Editor in 0.00 ms.
Unloading 1099 Unused Serialized files (Serialized files now loaded: 0)
System memory in use before: 60.1 MB.
System memory in use after: 60.1 MB.

Unloading 5 unused Assets to reduce memory usage. Loaded Objects now: 1607.
Total: 1.407000 ms (FindLiveObjects: 0.140400 ms CreateObjectMapping: 0.036000 ms MarkObjects: 1.160800 ms  DeleteObjects: 0.068800 ms)

========================================================================
Received Prepare
Registering precompiled user dll's ...
Registered in 0.000508 seconds.
Begin MonoManager ReloadAssembly
Native extension for WindowsStandalone target not found
Refreshing native plugins compatible for Editor in 0.27 ms, found 0 plugins.
Preloading 0 native plugins for Editor in 0.00 ms.
Invoked RoslynAnalysisRunner static constructor.
RoslynAnalysisRunner will not be running.
RoslynAnalysisRunner has terminated.
Mono: successfully reloaded assembly
- Completed reload, in  0.642 seconds
Platform modules already initialized, skipping
Refreshing native plugins compatible for Editor in 0.19 ms, found 0 plugins.
Preloading 0 native plugins for Editor in 0.00 ms.
Unloading 1099 Unused Serialized files (Serialized files now loaded: 0)
System memory in use before: 60.1 MB.
System memory in use after: 60.2 MB.

Unloading 5 unused Assets to reduce memory usage. Loaded Objects now: 1609.
Total: 1.488900 ms (FindLiveObjects: 0.186100 ms CreateObjectMapping: 0.034000 ms MarkObjects: 1.222400 ms  DeleteObjects: 0.045500 ms)

========================================================================
Received Prepare
Registering precompiled user dll's ...
Registered in 0.000412 seconds.
Begin MonoManager ReloadAssembly
Native extension for WindowsStandalone target not found
Refreshing native plugins compatible for Editor in 0.18 ms, found 0 plugins.
Preloading 0 native plugins for Editor in 0.00 ms.
Invoked RoslynAnalysisRunner static constructor.
RoslynAnalysisRunner will not be running.
RoslynAnalysisRunner has terminated.
Mono: successfully reloaded assembly
- Completed reload, in  0.637 seconds
Platform modules already initialized, skipping
Refreshing native plugins compatible for Editor in 0.18 ms, found 0 plugins.
Preloading 0 native plugins for Editor in 0.00 ms.
Unloading 1099 Unused Serialized files (Serialized files now loaded: 0)
System memory in use before: 60.1 MB.
System memory in use after: 60.2 MB.

Unloading 5 unused Assets to reduce memory usage. Loaded Objects now: 1611.
Total: 1.577100 ms (FindLiveObjects: 0.142400 ms CreateObjectMapping: 0.038500 ms MarkObjects: 1.345800 ms  DeleteObjects: 0.049200 ms)

========================================================================
Received Prepare
Registering precompiled user dll's ...
Registered in 0.000438 seconds.
Begin MonoManager ReloadAssembly
Native extension for WindowsStandalone target not found
Refreshing native plugins compatible for Editor in 0.19 ms, found 0 plugins.
Preloading 0 native plugins for Editor in 0.00 ms.
Invoked RoslynAnalysisRunner static constructor.
RoslynAnalysisRunner will not be running.
RoslynAnalysisRunner has terminated.
Mono: successfully reloaded assembly
- Completed reload, in  0.642 seconds
Platform modules already initialized, skipping
Refreshing native plugins compatible for Editor in 0.17 ms, found 0 plugins.
Preloading 0 native plugins for Editor in 0.00 ms.
Unloading 1099 Unused Serialized files (Serialized files now loaded: 0)
System memory in use before: 60.1 MB.
System memory in use after: 60.2 MB.

Unloading 5 unused Assets to reduce memory usage. Loaded Objects now: 1613.
Total: 1.604700 ms (FindLiveObjects: 0.194600 ms CreateObjectMapping: 0.031200 ms MarkObjects: 1.306500 ms  DeleteObjects: 0.071400 ms)

========================================================================
Received Prepare
Registering precompiled user dll's ...
Registered in 0.000422 seconds.
Begin MonoManager ReloadAssembly
Native extension for WindowsStandalone target not found
Refreshing native plugins compatible for Editor in 0.19 ms, found 0 plugins.
Preloading 0 native plugins for Editor in 0.00 ms.
Invoked RoslynAnalysisRunner static constructor.
RoslynAnalysisRunner will not be running.
RoslynAnalysisRunner has terminated.
Mono: successfully reloaded assembly
- Completed reload, in  0.644 seconds
Platform modules already initialized, skipping
Refreshing native plugins compatible for Editor in 0.18 ms, found 0 plugins.
Preloading 0 native plugins for Editor in 0.00 ms.
Unloading 1099 Unused Serialized files (Serialized files now loaded: 0)
System memory in use before: 60.1 MB.
System memory in use after: 60.2 MB.

Unloading 5 unused Assets to reduce memory usage. Loaded Objects now: 1615.
Total: 1.445900 ms (FindLiveObjects: 0.130600 ms CreateObjectMapping: 0.035000 ms MarkObjects: 1.240400 ms  DeleteObjects: 0.039200 ms)

========================================================================
Received Prepare
Registering precompiled user dll's ...
Registered in 0.000453 seconds.
Begin MonoManager ReloadAssembly
Native extension for WindowsStandalone target not found
Refreshing native plugins compatible for Editor in 0.18 ms, found 0 plugins.
Preloading 0 native plugins for Editor in 0.00 ms.
Invoked RoslynAnalysisRunner static constructor.
RoslynAnalysisRunner will not be running.
RoslynAnalysisRunner has terminated.
Mono: successfully reloaded assembly
- Completed reload, in  0.629 seconds
Platform modules already initialized, skipping
Refreshing native plugins compatible for Editor in 0.18 ms, found 0 plugins.
Preloading 0 native plugins for Editor in 0.00 ms.
Unloading 1099 Unused Serialized files (Serialized files now loaded: 0)
System memory in use before: 60.1 MB.
System memory in use after: 60.2 MB.

Unloading 5 unused Assets to reduce memory usage. Loaded Objects now: 1617.
Total: 4.441000 ms (FindLiveObjects: 0.422100 ms CreateObjectMapping: 0.185000 ms MarkObjects: 3.708600 ms  DeleteObjects: 0.119900 ms)

========================================================================
Received Prepare
Registering precompiled user dll's ...
Registered in 0.000447 seconds.
Begin MonoManager ReloadAssembly
Native extension for WindowsStandalone target not found
Refreshing native plugins compatible for Editor in 0.19 ms, found 0 plugins.
Preloading 0 native plugins for Editor in 0.00 ms.
Invoked RoslynAnalysisRunner static constructor.
RoslynAnalysisRunner will not be running.
RoslynAnalysisRunner has terminated.
Mono: successfully reloaded assembly
- Completed reload, in  0.635 seconds
Platform modules already initialized, skipping
Refreshing native plugins compatible for Editor in 0.18 ms, found 0 plugins.
Preloading 0 native plugins for Editor in 0.00 ms.
Unloading 1099 Unused Serialized files (Serialized files now loaded: 0)
System memory in use before: 60.1 MB.
System memory in use after: 60.2 MB.

Unloading 5 unused Assets to reduce memory usage. Loaded Objects now: 1619.
Total: 1.464800 ms (FindLiveObjects: 0.135600 ms CreateObjectMapping: 0.038400 ms MarkObjects: 1.248400 ms  DeleteObjects: 0.041400 ms)

========================================================================
Received Import Request.
  Time since last request: 2336.100706 seconds.
  path: Assets/normal map.jpg
  artifactKey: Guid(2bce3fd0cf6fcf84c81f287ef00b68fb) Importer(815301076,1909f56bfc062723c751e8b465ee728b)
Start importing Assets/normal map.jpg using Guid(2bce3fd0cf6fcf84c81f287ef00b68fb) Importer(815301076,1909f56bfc062723c751e8b465ee728b)  -> (artifact id: 'a539ee3af3ad09a138fb75dc9bad19a3') in 0.032064 seconds
  Import took 0.034319 seconds .

========================================================================
Received Prepare
Registering precompiled user dll's ...
Registered in 0.000487 seconds.
Begin MonoManager ReloadAssembly
Native extension for WindowsStandalone target not found
Refreshing native plugins compatible for Editor in 0.19 ms, found 0 plugins.
Preloading 0 native plugins for Editor in 0.00 ms.
Invoked RoslynAnalysisRunner static constructor.
RoslynAnalysisRunner will not be running.
RoslynAnalysisRunner has terminated.
Mono: successfully reloaded assembly
- Completed reload, in  0.644 seconds
Platform modules already initialized, skipping
Refreshing native plugins compatible for Editor in 0.18 ms, found 0 plugins.
Preloading 0 native plugins for Editor in 0.00 ms.
Unloading 1099 Unused Serialized files (Serialized files now loaded: 0)
System memory in use before: 60.1 MB.
System memory in use after: 60.2 MB.

Unloading 5 unused Assets to reduce memory usage. Loaded Objects now: 1621.
Total: 2.985500 ms (FindLiveObjects: 0.302300 ms CreateObjectMapping: 0.103000 ms MarkObjects: 2.488800 ms  DeleteObjects: 0.088500 ms)

========================================================================
Received Prepare
Registering precompiled user dll's ...
Registered in 0.000448 seconds.
Begin MonoManager ReloadAssembly
Native extension for WindowsStandalone target not found
Refreshing native plugins compatible for Editor in 0.25 ms, found 0 plugins.
Preloading 0 native plugins for Editor in 0.00 ms.
Invoked RoslynAnalysisRunner static constructor.
RoslynAnalysisRunner will not be running.
RoslynAnalysisRunner has terminated.
Mono: successfully reloaded assembly
- Completed reload, in  0.765 seconds
Platform modules already initialized, skipping
Refreshing native plugins compatible for Editor in 0.32 ms, found 0 plugins.
Preloading 0 native plugins for Editor in 0.00 ms.
Unloading 1099 Unused Serialized files (Serialized files now loaded: 0)
System memory in use before: 60.2 MB.
System memory in use after: 60.2 MB.

Unloading 5 unused Assets to reduce memory usage. Loaded Objects now: 1623.
Total: 1.703000 ms (FindLiveObjects: 0.149900 ms CreateObjectMapping: 0.036900 ms MarkObjects: 1.467900 ms  DeleteObjects: 0.047000 ms)

========================================================================
Received Import Request.
  Time since last request: 3024.052409 seconds.
  path: Assets/normal map.jpg
  artifactKey: Guid(2bce3fd0cf6fcf84c81f287ef00b68fb) Importer(815301076,1909f56bfc062723c751e8b465ee728b)
Start importing Assets/normal map.jpg using Guid(2bce3fd0cf6fcf84c81f287ef00b68fb) Importer(815301076,1909f56bfc062723c751e8b465ee728b)  -> (artifact id: 'b80cd41fcf79c6d248b9af52de374697') in 0.050515 seconds
  Import took 0.053539 seconds .

========================================================================
Received Prepare
Registering precompiled user dll's ...
Registered in 0.000432 seconds.
Begin MonoManager ReloadAssembly
Native extension for WindowsStandalone target not found
Refreshing native plugins compatible for Editor in 0.19 ms, found 0 plugins.
Preloading 0 native plugins for Editor in 0.00 ms.
Invoked RoslynAnalysisRunner static constructor.
RoslynAnalysisRunner will not be running.
RoslynAnalysisRunner has terminated.
Mono: successfully reloaded assembly
- Completed reload, in  0.634 seconds
Platform modules already initialized, skipping
Refreshing native plugins compatible for Editor in 0.18 ms, found 0 plugins.
Preloading 0 native plugins for Editor in 0.00 ms.
Unloading 1099 Unused Serialized files (Serialized files now loaded: 0)
System memory in use before: 60.2 MB.
System memory in use after: 60.3 MB.

Unloading 5 unused Assets to reduce memory usage. Loaded Objects now: 1627.
Total: 5.510700 ms (FindLiveObjects: 0.369000 ms CreateObjectMapping: 0.120300 ms MarkObjects: 4.881500 ms  DeleteObjects: 0.135700 ms)

========================================================================
Received Import Request.
  Time since last request: 31.452580 seconds.
  path: Assets/Squares.png
  artifactKey: Guid(cfbea10d7741c3244917dafc9f3e4f44) Importer(815301076,1909f56bfc062723c751e8b465ee728b)
Start importing Assets/Squares.png using Guid(cfbea10d7741c3244917dafc9f3e4f44) Importer(815301076,1909f56bfc062723c751e8b465ee728b)  -> (artifact id: '64189d77eeb35ca435ecbda6f04c4a91') in 0.068750 seconds
  Import took 0.073056 seconds .

========================================================================
Received Prepare
Registering precompiled user dll's ...
Registered in 0.000536 seconds.
Begin MonoManager ReloadAssembly
Native extension for WindowsStandalone target not found
Refreshing native plugins compatible for Editor in 0.21 ms, found 0 plugins.
Preloading 0 native plugins for Editor in 0.00 ms.
Invoked RoslynAnalysisRunner static constructor.
RoslynAnalysisRunner will not be running.
RoslynAnalysisRunner has terminated.
Mono: successfully reloaded assembly
- Completed reload, in  0.641 seconds
Platform modules already initialized, skipping
Refreshing native plugins compatible for Editor in 0.18 ms, found 0 plugins.
Preloading 0 native plugins for Editor in 0.00 ms.
Unloading 1099 Unused Serialized files (Serialized files now loaded: 0)
System memory in use before: 60.2 MB.
System memory in use after: 60.3 MB.

Unloading 5 unused Assets to reduce memory usage. Loaded Objects now: 1632.
Total: 5.139400 ms (FindLiveObjects: 0.371100 ms CreateObjectMapping: 0.125700 ms MarkObjects: 4.504300 ms  DeleteObjects: 0.135000 ms)

========================================================================
Received Import Request.
  Time since last request: 62.531868 seconds.
  path: Assets/Squares.png
  artifactKey: Guid(cfbea10d7741c3244917dafc9f3e4f44) Importer(815301076,1909f56bfc062723c751e8b465ee728b)
Start importing Assets/Squares.png using Guid(cfbea10d7741c3244917dafc9f3e4f44) Importer(815301076,1909f56bfc062723c751e8b465ee728b)  -> (artifact id: '4c95fc2427efc035b6394b1309dc47c9') in 0.037668 seconds
  Import took 0.039777 seconds .

========================================================================
Received Prepare
Registering precompiled user dll's ...
Registered in 0.000642 seconds.
Begin MonoManager ReloadAssembly
Native extension for WindowsStandalone target not found
Refreshing native plugins compatible for Editor in 0.19 ms, found 0 plugins.
Preloading 0 native plugins for Editor in 0.00 ms.
Invoked RoslynAnalysisRunner static constructor.
RoslynAnalysisRunner will not be running.
RoslynAnalysisRunner has terminated.
Mono: successfully reloaded assembly
- Completed reload, in  0.631 seconds
Platform modules already initialized, skipping
Refreshing native plugins compatible for Editor in 0.18 ms, found 0 plugins.
Preloading 0 native plugins for Editor in 0.00 ms.
Unloading 1099 Unused Serialized files (Serialized files now loaded: 0)
System memory in use before: 60.2 MB.
System memory in use after: 60.3 MB.

Unloading 5 unused Assets to reduce memory usage. Loaded Objects now: 1634.
Total: 4.945800 ms (FindLiveObjects: 0.362800 ms CreateObjectMapping: 0.122900 ms MarkObjects: 4.325100 ms  DeleteObjects: 0.132200 ms)

AssetImportWorkerClient::OnTransportError - code=2 error=End of file
